#
# There is insufficient memory for the Java Runtime Environment to continue.
# Native memory allocation (mmap) failed to map 134217728 bytes for Failed to commit area from 0x0000000081e00000 to 0x0000000089e00000 of length 134217728.
# Possible reasons:
#   The system is out of physical RAM or swap space
#   The process is running with CompressedOops enabled, and the Java Heap may be blocking the growth of the native heap
# Possible solutions:
#   Reduce memory load on the system
#   Increase physical memory or swap space
#   Check if swap backing store is full
#   Decrease Java heap size (-Xmx/-Xms)
#   Decrease number of Java threads
#   Decrease Java thread stack sizes (-Xss)
#   Set larger code cache with -XX:ReservedCodeCacheSize=
# This output file may be truncated or incomplete.
#
#  Out of Memory Error (t:/workspace/open/src/hotspot/os/windows/os_windows.cpp:3264), pid=2004, tid=12744
#
# JRE version:  (12.0.2+10) (build )
# Java VM: Java HotSpot(TM) 64-Bit Server VM (12.0.2+10, mixed mode, aot, sharing, tiered, compressed oops, g1 gc, windows-amd64)
# No core dump will be written. Minidumps are not enabled by default on client versions of Windows
#

---------------  S U M M A R Y ------------

Command Line: -Dcom.sun.management.jmxremote -Dcom.sun.management.jmxremote.port=55229 -Dcom.sun.management.jmxremote.authenticate=false -Dcom.sun.management.jmxremote.ssl=false -Djava.rmi.server.hostname=localhost -Dspring.jmx.enabled=true -Dspring.application.admin.enabled=true -Xverify:none -XX:TieredStopAtLevel=1 -Dfile.encoding=UTF-8 com.higor.timeline.TimelineApplication --spring.output.ansi.enabled=always

Host: Intel(R) Core(TM) i5-3210M CPU @ 2.50GHz, 4 cores, 7G,  Windows 8.1 , 64 bit Build 9600 (6.3.9600.17415)
Time: Sat Sep  7 10:53:56 2019 Hora oficial do Brasil elapsed time: 0 seconds (0d 0h 0m 0s)

---------------  T H R E A D  ---------------

Current thread (0x000000fcffdaf800):  JavaThread "Unknown thread" [_thread_in_vm, id=12744, stack(0x000000fcff450000,0x000000fcff550000)]

Stack: [0x000000fcff450000,0x000000fcff550000]
Native frames: (J=compiled Java code, j=interpreted, Vv=VM code, C=native code)
V  [jvm.dll+0x63aa2a]
V  [jvm.dll+0x78ce1e]
V  [jvm.dll+0x78e4c1]
V  [jvm.dll+0x78eb13]
V  [jvm.dll+0x2627e8]
V  [jvm.dll+0x637f5a]
V  [jvm.dll+0x62c845]
V  [jvm.dll+0x31e49c]
V  [jvm.dll+0x31e2cf]
V  [jvm.dll+0x324006]
V  [jvm.dll+0x371f56]
V  [jvm.dll+0x371720]
V  [jvm.dll+0x2f845a]
V  [jvm.dll+0x2f96d2]
V  [jvm.dll+0x767267]
V  [jvm.dll+0x7689f5]
V  [jvm.dll+0x380059]
V  [jvm.dll+0x74b794]
V  [jvm.dll+0x3ef5cd]
V  [jvm.dll+0x3f1471]
C  [jli.dll+0x51cf]
C  [ucrtbase.DLL+0x1d885]
C  [KERNEL32.DLL+0x13d2]
C  [ntdll.dll+0x154e4]


---------------  P R O C E S S  ---------------

Threads class SMR info:
_java_thread_list=0x00007ffb9ddb7928, length=0, elements={
}

Java Threads: ( => current thread )

Other Threads:
  0x000000fcffdf0800 GCTaskThread "GC Thread#0" [stack: 0x000000fcffbe0000,0x000000fcffce0000] [id=12008]
  0x000000fcffdfe800 ConcurrentGCThread "G1 Main Marker" [stack: 0x000000fcffe50000,0x000000fcfff50000] [id=15328]
  0x000000fcffe00800 ConcurrentGCThread "G1 Conc#0" [stack: 0x000000fc9d250000,0x000000fc9d350000] [id=7392]

[error occurred during error reporting (printing all threads), id 0xc0000005, EXCEPTION_ACCESS_VIOLATION (0xc0000005) at pc=0x00007ffb9d5e85e7]

VM state:not at safepoint (not fully initialized)

VM Mutex/Monitor currently owned by a thread:  ([mutex/lock_event])
[0x000000fcffdacdc0] Heap_lock - owner thread: 0x000000fcffdaf800

Heap address: 0x0000000081e00000, size: 2018 MB, Compressed Oops mode: Non-zero based: 0x0000000081e00000
Narrow klass base: 0x0000000000000000, Narrow klass shift: 0

GC Heap History (0 events):
No events

Deoptimization events (0 events):
No events

Classes redefined (0 events):
No events

Internal exceptions (0 events):
No events

Events (0 events):
No events


Dynamic libraries:
0x00007ff6150a0000 - 0x00007ff6150af000 	C:\Program Files\Java\jdk-12.0.2\bin\javaw.exe
0x00007ffbdc670000 - 0x00007ffbdc81d000 	C:\windows\SYSTEM32\ntdll.dll
0x00007ffbd9e70000 - 0x00007ffbd9fae000 	C:\windows\system32\KERNEL32.DLL
0x00007ffbd99f0000 - 0x00007ffbd9b05000 	C:\windows\system32\KERNELBASE.dll
0x00007ffbd09f0000 - 0x00007ffbd0a08000 	C:\Program Files\Java\jdk-12.0.2\bin\jli.dll
0x00007ffbcd220000 - 0x00007ffbcd236000 	C:\Program Files\Java\jdk-12.0.2\bin\VCRUNTIME140.dll
0x00007ffbd7fd0000 - 0x00007ffbd7fd4000 	C:\Program Files\Java\jdk-12.0.2\bin\api-ms-win-crt-stdio-l1-1-0.dll
0x00007ffbd2da0000 - 0x00007ffbd2da4000 	C:\Program Files\Java\jdk-12.0.2\bin\api-ms-win-crt-runtime-l1-1-0.dll
0x00007ffbcf050000 - 0x00007ffbcf053000 	C:\Program Files\Java\jdk-12.0.2\bin\api-ms-win-crt-environment-l1-1-0.dll
0x00007ffbcee20000 - 0x00007ffbcee25000 	C:\Program Files\Java\jdk-12.0.2\bin\api-ms-win-crt-math-l1-1-0.dll
0x00007ffbcece0000 - 0x00007ffbcece3000 	C:\Program Files\Java\jdk-12.0.2\bin\api-ms-win-crt-locale-l1-1-0.dll
0x00007ffbce590000 - 0x00007ffbce593000 	C:\Program Files\Java\jdk-12.0.2\bin\api-ms-win-crt-heap-l1-1-0.dll
0x00007ffbdbc50000 - 0x00007ffbdbcfa000 	C:\windows\system32\ADVAPI32.dll
0x00007ffbd66e0000 - 0x00007ffbd695b000 	C:\windows\WinSxS\amd64_microsoft.windows.common-controls_6595b64144ccf1df_6.0.9600.18006_none_623f33d3ecbe86e8\COMCTL32.dll
0x00007ffbd9cf0000 - 0x00007ffbd9e67000 	C:\windows\system32\USER32.dll
0x00007ffbd2d60000 - 0x00007ffbd2d6a000 	C:\windows\SYSTEM32\VERSION.dll
0x00007ffbcddc0000 - 0x00007ffbcddc3000 	C:\Program Files\Java\jdk-12.0.2\bin\api-ms-win-crt-filesystem-l1-1-0.dll
0x00007ffbcd570000 - 0x00007ffbcd574000 	C:\Program Files\Java\jdk-12.0.2\bin\api-ms-win-crt-string-l1-1-0.dll
0x00007ffbcd460000 - 0x00007ffbcd464000 	C:\Program Files\Java\jdk-12.0.2\bin\api-ms-win-crt-convert-l1-1-0.dll
0x00007ffbdc510000 - 0x00007ffbdc5ba000 	C:\windows\system32\msvcrt.dll
0x00007ffbdbd60000 - 0x00007ffbdbdb9000 	C:\windows\SYSTEM32\sechost.dll
0x00007ffbdc0c0000 - 0x00007ffbdc200000 	C:\windows\system32\RPCRT4.dll
0x00007ffbdba40000 - 0x00007ffbdbb8f000 	C:\windows\system32\GDI32.dll
0x00007ffbc2bc0000 - 0x00007ffbc2cb6000 	C:\Program Files\Java\jdk-12.0.2\bin\ucrtbase.DLL
0x00007ffbd9970000 - 0x00007ffbd999e000 	C:\windows\system32\SspiCli.dll
0x00007ffbdc630000 - 0x00007ffbdc666000 	C:\windows\system32\IMM32.DLL
0x00007ffbdc200000 - 0x00007ffbdc352000 	C:\windows\system32\MSCTF.dll
0x00007ffbc60e0000 - 0x00007ffbc618a000 	C:\Program Files\Java\jdk-12.0.2\bin\msvcp140.dll
0x00007ffbcd3a0000 - 0x00007ffbcd3a5000 	C:\Program Files\Java\jdk-12.0.2\bin\api-ms-win-crt-multibyte-l1-1-0.dll
0x00007ffbcce80000 - 0x00007ffbcce83000 	C:\Program Files\Java\jdk-12.0.2\bin\api-ms-win-crt-time-l1-1-0.dll
0x00007ffbcce20000 - 0x00007ffbcce23000 	C:\Program Files\Java\jdk-12.0.2\bin\api-ms-win-crt-utility-l1-1-0.dll
0x00007ffb9d2e0000 - 0x00007ffb9de57000 	C:\Program Files\Java\jdk-12.0.2\bin\server\jvm.dll
0x00007ffbd0670000 - 0x00007ffbd0679000 	C:\windows\SYSTEM32\WSOCK32.dll
0x00007ffbd15e0000 - 0x00007ffbd1602000 	C:\windows\SYSTEM32\WINMM.dll
0x00007ffbda370000 - 0x00007ffbda377000 	C:\windows\system32\PSAPI.DLL
0x00007ffbdb980000 - 0x00007ffbdb9da000 	C:\windows\system32\WS2_32.dll
0x00007ffbd1520000 - 0x00007ffbd154a000 	C:\windows\SYSTEM32\WINMMBASE.dll
0x00007ffbdbff0000 - 0x00007ffbdbff9000 	C:\windows\system32\NSI.dll
0x00007ffbd99a0000 - 0x00007ffbd99ef000 	C:\windows\SYSTEM32\cfgmgr32.dll
0x00007ffbd85b0000 - 0x00007ffbd85d8000 	C:\windows\SYSTEM32\DEVOBJ.dll
0x00007ffbcc700000 - 0x00007ffbcc711000 	C:\Program Files\Java\jdk-12.0.2\bin\verify.dll
0x00007ffbd1c10000 - 0x00007ffbd1d99000 	C:\windows\SYSTEM32\DBGHELP.DLL
0x00007ffbcc330000 - 0x00007ffbcc356000 	C:\Program Files\Java\jdk-12.0.2\bin\java.dll
0x00007ffbcc3d0000 - 0x00007ffbcc3e7000 	C:\Program Files\Java\jdk-12.0.2\bin\zip.dll
0x00007ffbcc490000 - 0x00007ffbcc49a000 	C:\Program Files\Java\jdk-12.0.2\bin\jimage.dll

dbghelp: loaded successfully - version: 4.0.5 - missing functions: none
symbol engine: initialized successfully - sym options: 0x614 - pdb path: .;C:\Program Files\Java\jdk-12.0.2\bin;C:\windows\SYSTEM32;C:\windows\WinSxS\amd64_microsoft.windows.common-controls_6595b64144ccf1df_6.0.9600.18006_none_623f33d3ecbe86e8;C:\Program Files\Java\jdk-12.0.2\bin\server

VM Arguments:
jvm_args: -Dcom.sun.management.jmxremote -Dcom.sun.management.jmxremote.port=55229 -Dcom.sun.management.jmxremote.authenticate=false -Dcom.sun.management.jmxremote.ssl=false -Djava.rmi.server.hostname=localhost -Dspring.jmx.enabled=true -Dspring.application.admin.enabled=true -Xverify:none -XX:TieredStopAtLevel=1 -Dfile.encoding=UTF-8 
java_command: com.higor.timeline.TimelineApplication --spring.output.ansi.enabled=always
java_class_path (initial): C:\projeto\sts\workspaceAgenda\Timeline\target\classes;C:\Users\Higor\.m2\repository\org\springframework\boot\spring-boot-starter-actuator\2.1.7.RELEASE\spring-boot-starter-actuator-2.1.7.RELEASE.jar;C:\Users\Higor\.m2\repository\org\springframework\boot\spring-boot-starter\2.1.7.RELEASE\spring-boot-starter-2.1.7.RELEASE.jar;C:\Users\Higor\.m2\repository\org\springframework\boot\spring-boot-starter-logging\2.1.7.RELEASE\spring-boot-starter-logging-2.1.7.RELEASE.jar;C:\Users\Higor\.m2\repository\ch\qos\logback\logback-classic\1.2.3\logback-classic-1.2.3.jar;C:\Users\Higor\.m2\repository\ch\qos\logback\logback-core\1.2.3\logback-core-1.2.3.jar;C:\Users\Higor\.m2\repository\org\apache\logging\log4j\log4j-to-slf4j\2.11.2\log4j-to-slf4j-2.11.2.jar;C:\Users\Higor\.m2\repository\org\apache\logging\log4j\log4j-api\2.11.2\log4j-api-2.11.2.jar;C:\Users\Higor\.m2\repository\org\slf4j\jul-to-slf4j\1.7.26\jul-to-slf4j-1.7.26.jar;C:\Users\Higor\.m2\repository\javax\annotation\javax.annotation-api\1.3.2\javax.annotation-api-1.3.2.jar;C:\Users\Higor\.m2\repository\org\yaml\snakeyaml\1.23\snakeyaml-1.23.jar;C:\Users\Higor\.m2\repository\org\springframework\boot\spring-boot-actuator-autoconfigure\2.1.7.RELEASE\spring-boot-actuator-autoconfigure-2.1.7.RELEASE.jar;C:\Users\Higor\.m2\repository\org\springframework\boot\spring-boot-actuator\2.1.7.RELEASE\spring-boot-actuator-2.1.7.RELEASE.jar;C:\Users\Higor\.m2\repository\com\fasterxml\jackson\core\jackson-databind\2.9.9\jackson-databind-2.9.9.jar;C:\Users\Higor\.m2\repository\com\fasterxml\jackson\core\jackson-annotations\2.9.0\jackson-annotations-2.9.0.jar;C:\Users\Higor\.m2\repository\com\fasterxml\jackson\core\jackson-core\2.9.9\jackson-core-2.9.9.jar;C:\Users\Higor\.m2\repository\org\springframework\spring-context\5.1.9.RELEASE\spring-context-5.1.9.RELEASE.jar;C:\Users\Higor\.m2\repository\com\fasterxml\jackson\datatype\jackson-datatype-jsr310\2.9.9\jackson-datatype-jsr310-2.9.9.jar;C:\Users\Higor\.m2\re
Launcher Type: SUN_STANDARD

[Global flags]
     bool BytecodeVerificationLocal                = false                                     {product} {command line}
     bool BytecodeVerificationRemote               = false                                     {product} {command line}
     intx CICompilerCount                          = 3                                         {product} {ergonomic}
     uint ConcGCThreads                            = 1                                         {product} {ergonomic}
     uint G1ConcRefinementThreads                  = 4                                         {product} {ergonomic}
   size_t G1HeapRegionSize                         = 1048576                                   {product} {ergonomic}
    uintx GCDrainStackTargetSize                   = 64                                        {product} {ergonomic}
   size_t InitialHeapSize                          = 134217728                                 {product} {ergonomic}
     bool ManagementServer                         = true                                      {product} {command line}
   size_t MarkStackSize                            = 4194304                                   {product} {ergonomic}
   size_t MaxHeapSize                              = 2116026368                                {product} {ergonomic}
   size_t MinHeapDeltaBytes                        = 1048576                                   {product} {ergonomic}
    uintx NonNMethodCodeHeapSize                   = 6973028                                {pd product} {ergonomic}
    uintx NonProfiledCodeHeapSize                  = 244685212                              {pd product} {ergonomic}
    uintx ProfiledCodeHeapSize                     = 0                                      {pd product} {ergonomic}
    uintx ReservedCodeCacheSize                    = 251658240                              {pd product} {ergonomic}
     bool SegmentedCodeCache                       = true                                      {product} {ergonomic}
     intx TieredStopAtLevel                        = 1                                         {product} {command line}
     bool UseCompressedClassPointers               = true                                 {lp64_product} {ergonomic}
     bool UseCompressedOops                        = true                                 {lp64_product} {ergonomic}
     bool UseG1GC                                  = true                                      {product} {ergonomic}
     bool UseLargePagesIndividualAllocation        = false                                  {pd product} {ergonomic}

Logging:
Log output configuration:
 #0: stdout all=warning uptime,level,tags
 #1: stderr all=off uptime,level,tags

Environment Variables:
JAVA_HOME=C:\Program Files\Java\jdk1.8.0_31
CLASSPATH=C:\Program Files\Java\jdk1.8.0_31
PATH=C:\ProgramData\Oracle\Java\javapath;C:\Program Files (x86)\Intel\iCLS Client\;C:\Program Files\Intel\iCLS Client\;C:\windows\system32;C:\windows;C:\windows\System32\Wbem;C:\windows\System32\WindowsPowerShell\v1.0\;C:\Program Files\Intel\Intel(R) Management Engine Components\DAL;C:\Program Files\Intel\Intel(R) Management Engine Components\IPT;C:\Program Files (x86)\Intel\Intel(R) Management Engine Components\DAL;C:\Program Files (x86)\Intel\Intel(R) Management Engine Components\IPT;C:\Program Files\Java\jdk1.8.0_31\bin;C:\Program Files\Samsung\AllShare Framework DMS\1.3.23\;C:\Program Files\Samsung\AllShare Framework DMS\1.3.23\64bit\;C:\Program Files\TortoiseSVN\bin;C:\Program Files\Java\jdk1.8.0_31\bin;C:\Program Files (x86)\Skype\Phone\;C:\Program Files\MiKTeX 2.9\miktex\bin\x64\;C:\Program Files (x86)\Windows Live\Shared;C:\Program Files\MongoDB\Server\3.4\bin;C:\Program Files\Git\cmd;C:\xampp\mysql\bin;C:\Program;C:\Program Files\nodejs\;C:\Program Files (x86)\SSH Communications Security\SSH Secure Shell;C:\Program Files\Microsoft VS Code\bin;C:\Users\Higor\AppData\Roaming\npm
USERNAME=Higor
OS=Windows_NT
PROCESSOR_IDENTIFIER=Intel64 Family 6 Model 58 Stepping 9, GenuineIntel



---------------  S Y S T E M  ---------------

OS: Windows 8.1 , 64 bit Build 9600 (6.3.9600.17415)

CPU:total 4 (initial active 4) (2 cores per cpu, 2 threads per core) family 6 model 58 stepping 9, cmov, cx8, fxsr, mmx, sse, sse2, sse3, ssse3, sse4.1, sse4.2, popcnt, avx, clmul, erms, ht, tsc, tscinvbit, tscinv

Memory: 4k page, system-wide physical 8068M (1021M free)
TotalPageFile size 8068M (AvailPageFile size 76M)
current process WorkingSet (physical memory assigned to process): 9M, peak: 9M
current process commit charge ("private bytes"): 49M, peak: 177M

vm_info: Java HotSpot(TM) 64-Bit Server VM (12.0.2+10) for windows-amd64 JRE (12.0.2+10), built on Jul 16 2019 01:56:17 by "mach5one" with MS VC++ 15.5 (VS2017)

END.
